<?xml version="1.0" encoding="UTF-8"?>
<coverage generated="1495435984879" clover="3.2.0">
  <project timestamp="1495435984880" name="All files">
    <metrics statements="52" coveredstatements="39" conditionals="4" coveredconditionals="4" methods="26" coveredmethods="14" elements="82" coveredelements="57" complexity="0" loc="52" ncloc="52" packages="4" files="5" classes="5">
      <package name="js">
        <metrics statements="0" coveredstatements="0" conditionals="0" coveredconditionals="0" methods="0" coveredmethods="0"/>
        <file name="dispatcher.js" path="/Users/andeladeveloper/Documents/Projects/news-feed-application/src/js/dispatcher.js">
          <metrics statements="0" coveredstatements="0" conditionals="0" coveredconditionals="0" methods="0" coveredmethods="0"/>
        </file>
      </package>
      <package name="js.actions">
        <metrics statements="7" coveredstatements="5" conditionals="0" coveredconditionals="0" methods="7" coveredmethods="5"/>
        <file name="newsActions.js" path="/Users/andeladeveloper/Documents/Projects/news-feed-application/src/js/actions/newsActions.js">
          <metrics statements="7" coveredstatements="5" conditionals="0" coveredconditionals="0" methods="7" coveredmethods="5"/>
          <line num="7" count="1" type="stmt"/>
          <line num="12" count="1" type="stmt"/>
          <line num="17" count="3" type="stmt"/>
          <line num="29" count="1" type="stmt"/>
          <line num="30" count="0" type="stmt"/>
          <line num="42" count="2" type="stmt"/>
          <line num="43" count="0" type="stmt"/>
        </file>
      </package>
      <package name="js.api">
        <metrics statements="25" coveredstatements="14" conditionals="0" coveredconditionals="0" methods="14" coveredmethods="4"/>
        <file name="firebaseApi.js" path="/Users/andeladeveloper/Documents/Projects/news-feed-application/src/js/api/firebaseApi.js">
          <metrics statements="15" coveredstatements="10" conditionals="0" coveredconditionals="0" methods="8" coveredmethods="3"/>
          <line num="6" count="2" type="stmt"/>
          <line num="7" count="2" type="stmt"/>
          <line num="11" count="2" type="stmt"/>
          <line num="19" count="2" type="stmt"/>
          <line num="20" count="2" type="stmt"/>
          <line num="21" count="2" type="stmt"/>
          <line num="22" count="2" type="stmt"/>
          <line num="24" count="2" type="stmt"/>
          <line num="25" count="2" type="stmt"/>
          <line num="29" count="0" type="stmt"/>
          <line num="31" count="0" type="stmt"/>
          <line num="36" count="0" type="stmt"/>
          <line num="40" count="0" type="stmt"/>
          <line num="42" count="0" type="stmt"/>
          <line num="60" count="2" type="stmt"/>
        </file>
        <file name="newsAPI.js" path="/Users/andeladeveloper/Documents/Projects/news-feed-application/src/js/api/newsAPI.js">
          <metrics statements="10" coveredstatements="4" conditionals="0" coveredconditionals="0" methods="6" coveredmethods="1"/>
          <line num="3" count="2" type="stmt"/>
          <line num="4" count="2" type="stmt"/>
          <line num="8" count="0" type="stmt"/>
          <line num="20" count="0" type="stmt"/>
          <line num="21" count="0" type="stmt"/>
          <line num="23" count="0" type="stmt"/>
          <line num="28" count="1" type="stmt"/>
          <line num="38" count="1" type="stmt"/>
          <line num="39" count="0" type="stmt"/>
          <line num="41" count="0" type="stmt"/>
        </file>
      </package>
      <package name="js.store">
        <metrics statements="20" coveredstatements="20" conditionals="4" coveredconditionals="4" methods="5" coveredmethods="5"/>
        <file name="newsStore.js" path="/Users/andeladeveloper/Documents/Projects/news-feed-application/src/js/store/newsStore.js">
          <metrics statements="20" coveredstatements="20" conditionals="4" coveredconditionals="4" methods="5" coveredmethods="5"/>
          <line num="10" count="1" type="stmt"/>
          <line num="13" count="1" type="stmt"/>
          <line num="14" count="1" type="stmt"/>
          <line num="15" count="1" type="stmt"/>
          <line num="20" count="2" type="stmt"/>
          <line num="25" count="2" type="stmt"/>
          <line num="30" count="3" type="stmt"/>
          <line num="39" count="4" type="cond" truecount="4" falsecount="0"/>
          <line num="42" count="1" type="stmt"/>
          <line num="43" count="1" type="stmt"/>
          <line num="44" count="1" type="stmt"/>
          <line num="48" count="1" type="stmt"/>
          <line num="49" count="1" type="stmt"/>
          <line num="50" count="1" type="stmt"/>
          <line num="54" count="1" type="stmt"/>
          <line num="55" count="1" type="stmt"/>
          <line num="56" count="1" type="stmt"/>
          <line num="59" count="1" type="stmt"/>
          <line num="68" count="1" type="stmt"/>
          <line num="69" count="1" type="stmt"/>
        </file>
      </package>
    </metrics>
  </project>
</coverage>
