{"/Users/andeladeveloper/Documents/Projects/news-feed-application/src/js/dispatcher.js": {"path":"/Users/andeladeveloper/Documents/Projects/news-feed-application/src/js/dispatcher.js","statementMap":{},"fnMap":{},"branchMap":{},"s":{},"f":{},"b":{},"_coverageSchema":"332fd63041d2c1bcb487cc26dd0d5f7d97098a6c","hash":"ad1f602584ccfeba43c2d5ab7a44e838bd32dc7f"}
,"/Users/andeladeveloper/Documents/Projects/news-feed-application/src/js/actions/newsActions.js": {"path":"/Users/andeladeveloper/Documents/Projects/news-feed-application/src/js/actions/newsActions.js","statementMap":{"0":{"start":{"line":7,"column":2},"end":{"line":7,"column":23}},"1":{"start":{"line":12,"column":2},"end":{"line":12,"column":24}},"2":{"start":{"line":17,"column":2},"end":{"line":20,"column":5}},"3":{"start":{"line":29,"column":2},"end":{"line":34,"column":5}},"4":{"start":{"line":30,"column":4},"end":{"line":33,"column":7}},"5":{"start":{"line":42,"column":2},"end":{"line":47,"column":5}},"6":{"start":{"line":43,"column":4},"end":{"line":46,"column":7}}},"fnMap":{"0":{"name":"signIn","decl":{"start":{"line":6,"column":16},"end":{"line":6,"column":22}},"loc":{"start":{"line":6,"column":25},"end":{"line":8,"column":1}},"line":6},"1":{"name":"signOut","decl":{"start":{"line":11,"column":16},"end":{"line":11,"column":23}},"loc":{"start":{"line":11,"column":26},"end":{"line":13,"column":1}},"line":11},"2":{"name":"authStateChangedHandler","decl":{"start":{"line":16,"column":16},"end":{"line":16,"column":39}},"loc":{"start":{"line":16,"column":46},"end":{"line":21,"column":1}},"line":16},"3":{"name":"getArticles","decl":{"start":{"line":28,"column":16},"end":{"line":28,"column":27}},"loc":{"start":{"line":28,"column":44},"end":{"line":35,"column":1}},"line":28},"4":{"name":"(anonymous_4)","decl":{"start":{"line":29,"column":38},"end":{"line":29,"column":39}},"loc":{"start":{"line":29,"column":52},"end":{"line":34,"column":3}},"line":29},"5":{"name":"getSources","decl":{"start":{"line":41,"column":16},"end":{"line":41,"column":26}},"loc":{"start":{"line":41,"column":29},"end":{"line":48,"column":1}},"line":41},"6":{"name":"(anonymous_6)","decl":{"start":{"line":42,"column":21},"end":{"line":42,"column":22}},"loc":{"start":{"line":42,"column":34},"end":{"line":47,"column":3}},"line":42}},"branchMap":{},"s":{"0":1,"1":1,"2":3,"3":1,"4":0,"5":2,"6":0},"f":{"0":1,"1":1,"2":3,"3":1,"4":0,"5":2,"6":0},"b":{},"_coverageSchema":"332fd63041d2c1bcb487cc26dd0d5f7d97098a6c","hash":"e1a381d771bcb0a48ab5ed6c784e8be57828e2da"}
,"/Users/andeladeveloper/Documents/Projects/news-feed-application/src/js/api/firebaseApi.js": {"path":"/Users/andeladeveloper/Documents/Projects/news-feed-application/src/js/api/firebaseApi.js","statementMap":{"0":{"start":{"line":6,"column":4},"end":{"line":6,"column":29}},"1":{"start":{"line":7,"column":4},"end":{"line":7,"column":25}},"2":{"start":{"line":11,"column":4},"end":{"line":18,"column":7}},"3":{"start":{"line":19,"column":4},"end":{"line":19,"column":64}},"4":{"start":{"line":20,"column":4},"end":{"line":20,"column":31}},"5":{"start":{"line":21,"column":4},"end":{"line":23,"column":7}},"6":{"start":{"line":22,"column":6},"end":{"line":22,"column":36}},"7":{"start":{"line":24,"column":4},"end":{"line":24,"column":27}},"8":{"start":{"line":25,"column":4},"end":{"line":25,"column":28}},"9":{"start":{"line":29,"column":4},"end":{"line":32,"column":7}},"10":{"start":{"line":31,"column":6},"end":{"line":31,"column":26}},"11":{"start":{"line":36,"column":4},"end":{"line":36,"column":44}},"12":{"start":{"line":40,"column":4},"end":{"line":43,"column":9}},"13":{"start":{"line":42,"column":8},"end":{"line":42,"column":28}},"14":{"start":{"line":60,"column":25},"end":{"line":60,"column":39}}},"fnMap":{"0":{"name":"(anonymous_0)","decl":{"start":{"line":5,"column":2},"end":{"line":5,"column":3}},"loc":{"start":{"line":5,"column":16},"end":{"line":8,"column":3}},"line":5},"1":{"name":"(anonymous_1)","decl":{"start":{"line":10,"column":2},"end":{"line":10,"column":3}},"loc":{"start":{"line":10,"column":18},"end":{"line":26,"column":3}},"line":10},"2":{"name":"(anonymous_2)","decl":{"start":{"line":21,"column":44},"end":{"line":21,"column":45}},"loc":{"start":{"line":21,"column":54},"end":{"line":23,"column":5}},"line":21},"3":{"name":"(anonymous_3)","decl":{"start":{"line":28,"column":2},"end":{"line":28,"column":3}},"loc":{"start":{"line":28,"column":11},"end":{"line":33,"column":3}},"line":28},"4":{"name":"(anonymous_4)","decl":{"start":{"line":30,"column":10},"end":{"line":30,"column":11}},"loc":{"start":{"line":30,"column":22},"end":{"line":32,"column":5}},"line":30},"5":{"name":"(anonymous_5)","decl":{"start":{"line":35,"column":2},"end":{"line":35,"column":3}},"loc":{"start":{"line":35,"column":19},"end":{"line":37,"column":3}},"line":35},"6":{"name":"(anonymous_6)","decl":{"start":{"line":39,"column":2},"end":{"line":39,"column":3}},"loc":{"start":{"line":39,"column":12},"end":{"line":44,"column":3}},"line":39},"7":{"name":"(anonymous_7)","decl":{"start":{"line":41,"column":12},"end":{"line":41,"column":13}},"loc":{"start":{"line":41,"column":24},"end":{"line":43,"column":7}},"line":41}},"branchMap":{},"s":{"0":2,"1":2,"2":2,"3":2,"4":2,"5":2,"6":2,"7":2,"8":2,"9":0,"10":0,"11":0,"12":0,"13":0,"14":2},"f":{"0":2,"1":2,"2":2,"3":0,"4":0,"5":0,"6":0,"7":0},"b":{},"_coverageSchema":"332fd63041d2c1bcb487cc26dd0d5f7d97098a6c","hash":"cc77e1adedc6e68c1e12ce655de757ec94d501e4"}
,"/Users/andeladeveloper/Documents/Projects/news-feed-application/src/js/api/newsAPI.js": {"path":"/Users/andeladeveloper/Documents/Projects/news-feed-application/src/js/api/newsAPI.js","statementMap":{"0":{"start":{"line":3,"column":13},"end":{"line":3,"column":38}},"1":{"start":{"line":4,"column":15},"end":{"line":4,"column":49}},"2":{"start":{"line":8,"column":17},"end":{"line":19,"column":5}},"3":{"start":{"line":20,"column":4},"end":{"line":24,"column":9}},"4":{"start":{"line":21,"column":20},"end":{"line":21,"column":43}},"5":{"start":{"line":23,"column":8},"end":{"line":23,"column":27}},"6":{"start":{"line":28,"column":17},"end":{"line":37,"column":5}},"7":{"start":{"line":38,"column":4},"end":{"line":42,"column":9}},"8":{"start":{"line":39,"column":20},"end":{"line":39,"column":42}},"9":{"start":{"line":41,"column":8},"end":{"line":41,"column":27}}},"fnMap":{"0":{"name":"(anonymous_0)","decl":{"start":{"line":7,"column":2},"end":{"line":7,"column":3}},"loc":{"start":{"line":7,"column":47},"end":{"line":25,"column":3}},"line":7},"1":{"name":"(anonymous_1)","decl":{"start":{"line":21,"column":12},"end":{"line":21,"column":13}},"loc":{"start":{"line":21,"column":20},"end":{"line":21,"column":43}},"line":21},"2":{"name":"(anonymous_2)","decl":{"start":{"line":22,"column":13},"end":{"line":22,"column":14}},"loc":{"start":{"line":22,"column":24},"end":{"line":24,"column":7}},"line":22},"3":{"name":"(anonymous_3)","decl":{"start":{"line":27,"column":2},"end":{"line":27,"column":3}},"loc":{"start":{"line":27,"column":30},"end":{"line":43,"column":3}},"line":27},"4":{"name":"(anonymous_4)","decl":{"start":{"line":39,"column":12},"end":{"line":39,"column":13}},"loc":{"start":{"line":39,"column":20},"end":{"line":39,"column":42}},"line":39},"5":{"name":"(anonymous_5)","decl":{"start":{"line":40,"column":13},"end":{"line":40,"column":14}},"loc":{"start":{"line":40,"column":24},"end":{"line":42,"column":7}},"line":40}},"branchMap":{},"s":{"0":2,"1":2,"2":0,"3":0,"4":0,"5":0,"6":1,"7":1,"8":0,"9":0},"f":{"0":0,"1":0,"2":0,"3":1,"4":0,"5":0},"b":{},"_coverageSchema":"332fd63041d2c1bcb487cc26dd0d5f7d97098a6c","hash":"f6709f4f1ec3b9d000a78d717f167e4115f351c1"}
,"/Users/andeladeveloper/Documents/Projects/news-feed-application/src/js/store/newsStore.js": {"path":"/Users/andeladeveloper/Documents/Projects/news-feed-application/src/js/store/newsStore.js","statementMap":{"0":{"start":{"line":10,"column":4},"end":{"line":10,"column":12}},"1":{"start":{"line":13,"column":4},"end":{"line":13,"column":23}},"2":{"start":{"line":14,"column":4},"end":{"line":14,"column":22}},"3":{"start":{"line":15,"column":4},"end":{"line":15,"column":21}},"4":{"start":{"line":20,"column":4},"end":{"line":20,"column":25}},"5":{"start":{"line":25,"column":4},"end":{"line":25,"column":24}},"6":{"start":{"line":30,"column":4},"end":{"line":30,"column":21}},"7":{"start":{"line":39,"column":4},"end":{"line":61,"column":5}},"8":{"start":{"line":42,"column":8},"end":{"line":42,"column":40}},"9":{"start":{"line":43,"column":8},"end":{"line":43,"column":37}},"10":{"start":{"line":44,"column":8},"end":{"line":44,"column":14}},"11":{"start":{"line":48,"column":8},"end":{"line":48,"column":38}},"12":{"start":{"line":49,"column":8},"end":{"line":49,"column":36}},"13":{"start":{"line":50,"column":8},"end":{"line":50,"column":14}},"14":{"start":{"line":54,"column":8},"end":{"line":54,"column":32}},"15":{"start":{"line":55,"column":8},"end":{"line":55,"column":33}},"16":{"start":{"line":56,"column":8},"end":{"line":56,"column":14}},"17":{"start":{"line":59,"column":8},"end":{"line":59,"column":14}},"18":{"start":{"line":68,"column":18},"end":{"line":68,"column":33}},"19":{"start":{"line":69,"column":0},"end":{"line":69,"column":64}}},"fnMap":{"0":{"name":"(anonymous_0)","decl":{"start":{"line":9,"column":2},"end":{"line":9,"column":3}},"loc":{"start":{"line":9,"column":16},"end":{"line":16,"column":3}},"line":9},"1":{"name":"(anonymous_1)","decl":{"start":{"line":19,"column":2},"end":{"line":19,"column":3}},"loc":{"start":{"line":19,"column":18},"end":{"line":21,"column":3}},"line":19},"2":{"name":"(anonymous_2)","decl":{"start":{"line":24,"column":2},"end":{"line":24,"column":3}},"loc":{"start":{"line":24,"column":17},"end":{"line":26,"column":3}},"line":24},"3":{"name":"(anonymous_3)","decl":{"start":{"line":29,"column":2},"end":{"line":29,"column":3}},"loc":{"start":{"line":29,"column":12},"end":{"line":31,"column":3}},"line":29},"4":{"name":"(anonymous_4)","decl":{"start":{"line":38,"column":2},"end":{"line":38,"column":3}},"loc":{"start":{"line":38,"column":27},"end":{"line":62,"column":3}},"line":38}},"branchMap":{"0":{"loc":{"start":{"line":39,"column":4},"end":{"line":61,"column":5}},"type":"switch","locations":[{"start":{"line":41,"column":6},"end":{"line":45,"column":7}},{"start":{"line":47,"column":6},"end":{"line":51,"column":7}},{"start":{"line":53,"column":6},"end":{"line":57,"column":7}},{"start":{"line":58,"column":6},"end":{"line":60,"column":7}}],"line":39}},"s":{"0":1,"1":1,"2":1,"3":1,"4":2,"5":2,"6":3,"7":4,"8":1,"9":1,"10":1,"11":1,"12":1,"13":1,"14":1,"15":1,"16":1,"17":1,"18":1,"19":1},"f":{"0":1,"1":2,"2":2,"3":3,"4":4},"b":{"0":[1,1,1,1]},"_coverageSchema":"332fd63041d2c1bcb487cc26dd0d5f7d97098a6c","hash":"04619d2725165c298212b26a654dabb0514053b4"}
}
