TN:
SF:/Users/andeladeveloper/Documents/Projects/news-feed-application/src/js/dispatcher.js
FNF:0
FNH:0
LF:0
LH:0
BRF:0
BRH:0
end_of_record
TN:
SF:/Users/andeladeveloper/Documents/Projects/news-feed-application/src/js/actions/newsActions.js
FN:6,signIn
FN:11,signOut
FN:16,authStateChangedHandler
FN:32,getArticles
FN:33,(anonymous_4)
FN:45,getSources
FN:46,(anonymous_6)
FNF:7
FNH:2
FNDA:0,signIn
FNDA:0,signOut
FNDA:1,authStateChangedHandler
FNDA:0,getArticles
FNDA:0,(anonymous_4)
FNDA:1,getSources
FNDA:0,(anonymous_6)
DA:7,0
DA:12,0
DA:17,1
DA:23,1
DA:24,1
DA:25,1
DA:33,0
DA:34,0
DA:46,1
DA:47,0
LF:10
LH:5
BRF:0
BRH:0
end_of_record
TN:
SF:/Users/andeladeveloper/Documents/Projects/news-feed-application/src/js/api/firebaseApi.js
FN:5,(anonymous_0)
FN:10,(anonymous_1)
FN:21,(anonymous_2)
FN:28,(anonymous_3)
FN:30,(anonymous_4)
FN:35,(anonymous_5)
FN:39,(anonymous_6)
FN:41,(anonymous_7)
FN:59,(anonymous_8)
FNF:9
FNH:3
FNDA:1,(anonymous_0)
FNDA:1,(anonymous_1)
FNDA:1,(anonymous_2)
FNDA:0,(anonymous_3)
FNDA:0,(anonymous_4)
FNDA:0,(anonymous_5)
FNDA:0,(anonymous_6)
FNDA:0,(anonymous_7)
FNDA:0,(anonymous_8)
DA:6,1
DA:7,1
DA:11,1
DA:19,1
DA:20,1
DA:21,1
DA:22,1
DA:24,1
DA:25,1
DA:29,0
DA:31,0
DA:36,0
DA:40,0
DA:42,0
DA:60,0
DA:61,0
DA:62,0
DA:66,1
LF:18
LH:10
BRF:0
BRH:0
end_of_record
TN:
SF:/Users/andeladeveloper/Documents/Projects/news-feed-application/src/js/api/newsAPI.js
FN:7,(anonymous_0)
FN:21,(anonymous_1)
FN:22,(anonymous_2)
FN:27,(anonymous_3)
FN:39,(anonymous_4)
FN:40,(anonymous_5)
FNF:6
FNH:1
FNDA:0,(anonymous_0)
FNDA:0,(anonymous_1)
FNDA:0,(anonymous_2)
FNDA:1,(anonymous_3)
FNDA:0,(anonymous_4)
FNDA:0,(anonymous_5)
DA:3,1
DA:4,1
DA:8,0
DA:20,0
DA:21,0
DA:23,0
DA:28,1
DA:38,1
DA:39,0
DA:41,0
LF:10
LH:4
BRF:0
BRH:0
end_of_record
