TN:
SF:/Users/andeladeveloper/Documents/Projects/news-feed-application/src/js/dispatcher.js
FNF:0
FNH:0
LF:0
LH:0
BRF:0
BRH:0
end_of_record
TN:
SF:/Users/andeladeveloper/Documents/Projects/news-feed-application/src/js/actions/newsActions.js
FN:6,signIn
FN:11,signOut
FN:16,authStateChangedHandler
FN:31,getArticles
FN:32,(anonymous_4)
FN:44,getSources
FN:45,(anonymous_6)
FNF:7
FNH:2
FNDA:0,signIn
FNDA:0,signOut
FNDA:1,authStateChangedHandler
FNDA:0,getArticles
FNDA:0,(anonymous_4)
FNDA:1,getSources
FNDA:0,(anonymous_6)
DA:7,0
DA:12,0
DA:17,1
DA:32,0
DA:33,0
DA:45,1
DA:46,0
LF:7
LH:2
BRF:0
BRH:0
end_of_record
TN:
SF:/Users/andeladeveloper/Documents/Projects/news-feed-application/src/js/api/firebaseApi.js
FN:5,(anonymous_0)
FN:10,(anonymous_1)
FN:22,(anonymous_2)
FN:29,(anonymous_3)
FN:31,(anonymous_4)
FN:36,(anonymous_5)
FN:40,(anonymous_6)
FN:42,(anonymous_7)
FN:47,(anonymous_8)
FN:51,(anonymous_9)
FN:55,(anonymous_10)
FN:59,(anonymous_11)
FNF:12
FNH:3
FNDA:1,(anonymous_0)
FNDA:1,(anonymous_1)
FNDA:1,(anonymous_2)
FNDA:0,(anonymous_3)
FNDA:0,(anonymous_4)
FNDA:0,(anonymous_5)
FNDA:0,(anonymous_6)
FNDA:0,(anonymous_7)
FNDA:0,(anonymous_8)
FNDA:0,(anonymous_9)
FNDA:0,(anonymous_10)
FNDA:0,(anonymous_11)
DA:6,1
DA:7,1
DA:11,1
DA:19,1
DA:20,1
DA:22,1
DA:23,1
DA:25,1
DA:26,1
DA:30,0
DA:32,0
DA:37,0
DA:41,0
DA:43,0
DA:48,0
DA:52,0
DA:56,0
DA:60,0
DA:61,0
DA:62,0
DA:66,1
LF:21
LH:10
BRF:0
BRH:0
end_of_record
TN:
SF:/Users/andeladeveloper/Documents/Projects/news-feed-application/src/js/api/newsAPI.js
FN:7,(anonymous_0)
FN:21,(anonymous_1)
FN:22,(anonymous_2)
FN:27,(anonymous_3)
FN:39,(anonymous_4)
FN:40,(anonymous_5)
FNF:6
FNH:1
FNDA:0,(anonymous_0)
FNDA:0,(anonymous_1)
FNDA:0,(anonymous_2)
FNDA:1,(anonymous_3)
FNDA:0,(anonymous_4)
FNDA:0,(anonymous_5)
DA:3,1
DA:4,1
DA:8,0
DA:20,0
DA:21,0
DA:23,0
DA:28,1
DA:38,1
DA:39,0
DA:41,0
LF:10
LH:4
BRF:0
BRH:0
end_of_record
